mode: set
github.com/gcapodicimeli/api-movies/internal/movie/repository.go:26.43,30.2 1 1
github.com/gcapodicimeli/api-movies/internal/movie/repository.go:50.63,54.2 3 1
github.com/gcapodicimeli/api-movies/internal/movie/repository.go:56.74,59.16 3 1
github.com/gcapodicimeli/api-movies/internal/movie/repository.go:63.2,63.18 1 1
github.com/gcapodicimeli/api-movies/internal/movie/repository.go:72.2,72.20 1 1
github.com/gcapodicimeli/api-movies/internal/movie/repository.go:59.16,61.3 1 0
github.com/gcapodicimeli/api-movies/internal/movie/repository.go:63.18,66.17 3 1
github.com/gcapodicimeli/api-movies/internal/movie/repository.go:69.3,69.33 1 1
github.com/gcapodicimeli/api-movies/internal/movie/repository.go:66.17,68.4 1 0
github.com/gcapodicimeli/api-movies/internal/movie/repository.go:93.86,96.120 3 1
github.com/gcapodicimeli/api-movies/internal/movie/repository.go:99.2,99.19 1 1
github.com/gcapodicimeli/api-movies/internal/movie/repository.go:96.120,98.3 1 0
github.com/gcapodicimeli/api-movies/internal/movie/repository.go:102.93,107.120 3 1
github.com/gcapodicimeli/api-movies/internal/movie/repository.go:111.2,111.19 1 1
github.com/gcapodicimeli/api-movies/internal/movie/repository.go:107.120,109.3 1 0
github.com/gcapodicimeli/api-movies/internal/movie/repository.go:114.79,116.16 2 1
github.com/gcapodicimeli/api-movies/internal/movie/repository.go:121.2,122.16 2 1
github.com/gcapodicimeli/api-movies/internal/movie/repository.go:127.2,128.16 2 1
github.com/gcapodicimeli/api-movies/internal/movie/repository.go:132.2,132.16 1 1
github.com/gcapodicimeli/api-movies/internal/movie/repository.go:116.16,118.3 1 0
github.com/gcapodicimeli/api-movies/internal/movie/repository.go:122.16,124.3 1 0
github.com/gcapodicimeli/api-movies/internal/movie/repository.go:128.16,130.3 1 0
github.com/gcapodicimeli/api-movies/internal/movie/repository.go:135.80,137.16 2 1
github.com/gcapodicimeli/api-movies/internal/movie/repository.go:140.2,144.16 3 1
github.com/gcapodicimeli/api-movies/internal/movie/repository.go:148.2,149.16 2 1
github.com/gcapodicimeli/api-movies/internal/movie/repository.go:152.2,152.18 1 1
github.com/gcapodicimeli/api-movies/internal/movie/repository.go:155.2,155.12 1 1
github.com/gcapodicimeli/api-movies/internal/movie/repository.go:137.16,139.3 1 0
github.com/gcapodicimeli/api-movies/internal/movie/repository.go:144.16,146.3 1 0
github.com/gcapodicimeli/api-movies/internal/movie/repository.go:149.16,151.3 1 0
github.com/gcapodicimeli/api-movies/internal/movie/repository.go:152.18,154.3 1 0
github.com/gcapodicimeli/api-movies/internal/movie/repository.go:158.66,160.16 2 1
github.com/gcapodicimeli/api-movies/internal/movie/repository.go:163.2,166.16 3 1
github.com/gcapodicimeli/api-movies/internal/movie/repository.go:170.2,171.16 2 1
github.com/gcapodicimeli/api-movies/internal/movie/repository.go:174.2,174.19 1 1
github.com/gcapodicimeli/api-movies/internal/movie/repository.go:178.2,178.12 1 1
github.com/gcapodicimeli/api-movies/internal/movie/repository.go:160.16,162.3 1 0
github.com/gcapodicimeli/api-movies/internal/movie/repository.go:166.16,168.3 1 0
github.com/gcapodicimeli/api-movies/internal/movie/repository.go:171.16,173.3 1 0
github.com/gcapodicimeli/api-movies/internal/movie/repository.go:174.19,176.3 1 0
github.com/gcapodicimeli/api-movies/internal/movie/service.go:24.42,28.2 1 0
github.com/gcapodicimeli/api-movies/internal/movie/service.go:30.71,32.16 2 0
github.com/gcapodicimeli/api-movies/internal/movie/service.go:35.2,35.20 1 0
github.com/gcapodicimeli/api-movies/internal/movie/service.go:32.16,34.3 1 0
github.com/gcapodicimeli/api-movies/internal/movie/service.go:46.93,48.16 2 0
github.com/gcapodicimeli/api-movies/internal/movie/service.go:51.2,51.19 1 0
github.com/gcapodicimeli/api-movies/internal/movie/service.go:48.16,50.3 1 0
github.com/gcapodicimeli/api-movies/internal/movie/service.go:54.100,56.16 2 0
github.com/gcapodicimeli/api-movies/internal/movie/service.go:59.2,59.19 1 0
github.com/gcapodicimeli/api-movies/internal/movie/service.go:56.16,58.3 1 0
github.com/gcapodicimeli/api-movies/internal/movie/service.go:63.83,64.30 1 0
github.com/gcapodicimeli/api-movies/internal/movie/service.go:67.2,68.16 2 0
github.com/gcapodicimeli/api-movies/internal/movie/service.go:72.2,73.15 2 0
github.com/gcapodicimeli/api-movies/internal/movie/service.go:64.30,66.3 1 0
github.com/gcapodicimeli/api-movies/internal/movie/service.go:68.16,70.3 1 0
github.com/gcapodicimeli/api-movies/internal/movie/service.go:76.93,79.16 2 0
github.com/gcapodicimeli/api-movies/internal/movie/service.go:82.2,83.16 2 0
github.com/gcapodicimeli/api-movies/internal/movie/service.go:86.2,86.21 1 0
github.com/gcapodicimeli/api-movies/internal/movie/service.go:79.16,81.3 1 0
github.com/gcapodicimeli/api-movies/internal/movie/service.go:83.16,85.3 1 0
github.com/gcapodicimeli/api-movies/internal/movie/service.go:89.63,91.2 1 0
